<?xml version="1.0" encoding="UTF-8"?>
<!-- Generated by org.testng.reporters.JUnitReportReporter -->
<testsuite hostname="TLPSYS11" name="hmspctest.Testhmspc" tests="1" failures="0" timestamp="25 Sep 2019 11:36:25 GMT" time="46.859" errors="0">
  <testcase name="f" time="46.859" classname="hmspctest.Testhmspc"/>
</testsuite> <!-- hmspctest.Testhmspc -->
